<?xml version="1.0" encoding="UTF-8"?>
<!-- Generated by org.testng.reporters.JUnitXMLReporter -->
<testsuite ignored="0" hostname="MACBdB-CRH2KF" failures="0" tests="8" name="API Tests" time="2.332" errors="0" timestamp="2025-03-17T10:33:18 COT">
  <testcase classname="testApis.Apis" name="testGetProducts" time="1.033"/>
  <testcase classname="testApis.Apis" name="testCreateProduct" time="1.033"/>
  <testcase classname="testApis.Apis" name="testDeleteProduct" time="1.115"/>
  <testcase classname="testApis.Apis" name="testUpdateProduct" time="0.438"/>
  <testcase classname="testApiFailed.FailedTest" name="testFailedDeleteProduct" time="0.819"/>
  <testcase classname="testApiFailed.FailedTest" name="testFailedUpdateProduct" time="0.461"/>
  <testcase classname="testApiFailed.FailedTest" name="testCreateFailedProduct" time="0.898"/>
  <testcase classname="testApiFailed.FailedTest" name="testGetFailedProducts" time="0.386"/>
</testsuite> <!-- API Tests -->
