<?xml version="1.0" encoding="UTF-8"?>
<testsuite xmlns:xsi="http://www.w3.org/2001/XMLSchema-instance" xsi:noNamespaceSchemaLocation="https://maven.apache.org/surefire/maven-surefire-plugin/xsd/surefire-test-report-3.0.xsd" version="3.0" name="TestSuite" time="2.755" tests="8" errors="0" skipped="0" failures="0">
  <properties>
[...]
</properties>
  <testcase name="testGetProducts" classname="testApis.Apis" time="1.031">
    <system-out><![CDATA[
]]></system-out>
    <system-err><![CDATA[SLF4J: Failed to load class "org.slf4j.impl.StaticLoggerBinder".
SLF4J: Defaulting to no-operation (NOP) logger implementation
SLF4J: See http://www.slf4j.org/codes.html#StaticLoggerBinder for further details.
]]></system-err>
  </testcase>
  <testcase name="testCreateProduct[{&#10;  &quot;title&quot;: &quot;Laptop Gamer&quot;,&#10;  &quot;price&quot;: 1299.99,&#10;  &quot;description&quot;: &quot;Laptop gamer con tarjeta gráfica RTX 4060&quot;,&#10;  &quot;category&quot;: &quot;electronics&quot;,&#10;  &quot;image&quot;: &quot;https://example.com/laptop.jpg&quot;&#10;}&#10;](1)" classname="testApis.Apis" time="0.001">
    <system-out><![CDATA[{
    "id": 1,
    "title": "Fjallraven - Foldsack No. 1 Backpack, Fits 15 Laptops",
    "price": 109.95,
    "description": "Your perfect pack for everyday use and walks in the forest. Stash your laptop (up to 15 inches) in the padded sleeve, your everyday",
    "category": "men's clothing",
    "image": "https://fakestoreapi.com/img/81fPKd-2AYL._AC_SL1500_.jpg",
    "rating": {
        "rate": 3.9,
        "count": 120
    }
}
]]></system-out>
  </testcase>
  <testcase name="testDeleteProduct" classname="testApis.Apis" time="0.08">
    <system-out><![CDATA[{
    "id": 1,
    "title": "Fjallraven - Foldsack No. 1 Backpack, Fits 15 Laptops",
    "price": 109.95,
    "description": "Your perfect pack for everyday use and walks in the forest. Stash your laptop (up to 15 inches) in the padded sleeve, your everyday",
    "category": "men's clothing",
    "image": "https://fakestoreapi.com/img/81fPKd-2AYL._AC_SL1500_.jpg",
    "rating": {
        "rate": 3.9,
        "count": 120
    }
}
]]></system-out>
  </testcase>
  <testcase name="testUpdateProduct[{&#10;  &quot;title&quot;: &quot;MacbookPRO&quot;,&#10;  &quot;price&quot;: 1300,&#10;  &quot;description&quot;: &quot;Laptop gamer con tarjeta gráfica RTX 4060&quot;,&#10;  &quot;category&quot;: &quot;electronics&quot;,&#10;  &quot;image&quot;: &quot;https://example.com/laptop.jpg&quot;&#10;}&#10;](1)" classname="testApis.Apis" time="0.357">
    <system-out><![CDATA[{
    "id": 1,
    "title": "MacbookPRO",
    "price": 1300,
    "description": "Laptop gamer con tarjeta gráfica RTX 4060",
    "image": "https://example.com/laptop.jpg",
    "category": "electronics"
}
]]></system-out>
  </testcase>
  <testcase name="testFailedDeleteProduct" classname="testApiFailed.FailedTest" time="0.461">
    <system-out><![CDATA[<html lang="en">
  <head>
    <meta charset="utf-8"/>
    <title>Error</title>
  </head>
  <body>
    <pre>Cannot DELETE /products/</pre>
  </body>
</html>
<html lang="en">
  <head>
    <meta charset="utf-8"/>
    <title>Error</title>
  </head>
  <body>
    <pre>Cannot POST /products/1000</pre>
  </body>
</html>
<html lang="en">
  <head>
    <meta charset="utf-8"/>
    <title>Error</title>
  </head>
  <body>
    <pre>Cannot PUT /products</pre>
  </body>
</html>
]]></system-out>
  </testcase>
  <testcase name="testFailedUpdateProduct[{&#10;  &quot;title&quot;: &quot;MacbookPRO&quot;,&#10;  &quot;price&quot;: 1300,&#10;  &quot;category&quot;: &quot;electronics&quot;,&#10;  &quot;image&quot;: &quot;https://example.com/laptop.jpg&quot;&#10;}&#10;](1)" classname="testApiFailed.FailedTest" time="0.461"/>
  <testcase name="testCreateFailedProduct[{&#10;  &quot;title&quot;: &quot;Laptop Gamer&quot;,&#10;  &quot;price&quot;: 1299.99,&#10;  &quot;description&quot;: &quot;Laptop gamer con tarjeta gráfica RTX 4060&quot;,&#10;  &quot;category&quot;: &quot;electronics&quot;,&#10;  &quot;image&quot;: &quot;https://example.com/laptop.jpg&quot;&#10;}&#10;](1)" classname="testApiFailed.FailedTest" time="0.461"/>
  <testcase name="testGetFailedProducts" classname="testApiFailed.FailedTest" time="0.387">
    <system-out><![CDATA[<html lang="en">
  <head>
    <meta charset="utf-8"/>
    <title>Error</title>
  </head>
  <body>
    <pre>Cannot GET /product</pre>
  </body>
</html>
]]></system-out>
  </testcase>
</testsuite>